<?xml version="1.0" encoding="UTF-8"?>
<!-- Generated by org.testng.reporters.JUnitReportReporter -->
<testsuite skipped="0" hostname="DESKTOP-SHS08M3" name="whatsup.WhatsUpTest" tests="2" failures="0" timestamp="02 Aug 2018 06:56:16 GMT" time="49.412" errors="0">
  <testcase name="test" time="0.008" classname="whatsup.WhatsUpTest"/>
  <testcase name="navigate" time="49.404" classname="whatsup.WhatsUpTest"/>
</testsuite> <!-- whatsup.WhatsUpTest -->
