<?xml version="1.0" encoding="UTF-8"?>
<!-- Generated by org.testng.reporters.JUnitReportReporter -->
<testsuite skipped="0" hostname="DESKTOP-SHS08M3" name="Contacts.Addcontact" tests="1" failures="0" timestamp="03 Sep 2018 16:59:40 GMT" time="4.370" errors="0">
  <testcase name="addContact" time="4.370" classname="Contacts.Addcontact"/>
</testsuite> <!-- Contacts.Addcontact -->
