<?xml version="1.0" encoding="UTF-8"?>
<!-- Generated by org.testng.reporters.JUnitReportReporter -->
<testsuite skipped="0" hostname="DESKTOP-SHS08M3" name="selendroid.ApiDemo" tests="1" failures="0" timestamp="26 Jul 2018 08:05:47 GMT" time="34.208" errors="0">
  <testcase name="bas" time="34.208" classname="selendroid.ApiDemo"/>
</testsuite> <!-- selendroid.ApiDemo -->
