<?xml version="1.0" encoding="UTF-8"?>
<!-- Generated by org.testng.reporters.JUnitReportReporter -->
<testsuite skipped="0" hostname="DESKTOP-SHS08M3" name="BookMyshow.selectRelegion" tests="1" failures="0" timestamp="23 Jul 2018 15:41:59 GMT" time="86.525" errors="1">
  <testcase name="selecrt" time="86.525" classname="BookMyshow.selectRelegion">
    <error type="org.openqa.selenium.NoSuchSessionException" message="A session is either terminated or not started
Build info: version: &#039;3.13.0&#039;, revision: &#039;2f0d292&#039;, time: &#039;2018-06-25T15:24:21.231Z&#039;
System info: host: &#039;DESKTOP-SHS08M3&#039;, ip: &#039;169.254.236.102&#039;, os.name: &#039;Windows 8.1&#039;, os.arch: &#039;amd64&#039;, os.version: &#039;6.3&#039;, java.version: &#039;1.8.0_20&#039;
Driver info: io.appium.java_client.android.AndroidDriver
Capabilities {app: D:\MS OFFICE\Appium\bookMyS..., appActivity: com.bt.bms.activities.Intro..., appPackage: com.bt.bms, databaseEnabled: false, desired: {app: D:\MS OFFICE\Appium\bookMyS..., appActivity: com.bt.bms.activities.Intro..., appPackage: com.bt.bms, deviceName: Android Emulator, noReset: true, platformName: android, platformVersion: 5.1.0, udid: 169.254.236.101:5555}, deviceManufacturer: unknown, deviceModel: Google Nexus 5 - 5.1.0 - AP..., deviceName: 169.254.236.101:5555, deviceScreenSize: 1080x1920, deviceUDID: 169.254.236.101:5555, javascriptEnabled: true, locationContextEnabled: false, networkConnectionEnabled: true, noReset: true, platform: LINUX, platformName: Android, platformVersion: 5.1, takesScreenshot: true, udid: 169.254.236.101:5555, warnings: {}, webStorageEnabled: false}
Session ID: c4062ffc-0620-4ecd-9c1d-13b52cda4d7c
*** Element info: {Using=id, value=com.bt.bms:id/no_bt}">
      <![CDATA[org.openqa.selenium.NoSuchSessionException: A session is either terminated or not startedBuild info: version: '3.13.0', revision: '2f0d292', time: '2018-06-25T15:24:21.231Z'System info: host: 'DESKTOP-SHS08M3', ip: '169.254.236.102', os.name: 'Windows 8.1', os.arch: 'amd64', os.version: '6.3', java.version: '1.8.0_20'Driver info: io.appium.java_client.android.AndroidDriverCapabilities {app: D:\MS OFFICE\Appium\bookMyS..., appActivity: com.bt.bms.activities.Intro..., appPackage: com.bt.bms, databaseEnabled: false, desired: {app: D:\MS OFFICE\Appium\bookMyS..., appActivity: com.bt.bms.activities.Intro..., appPackage: com.bt.bms, deviceName: Android Emulator, noReset: true, platformName: android, platformVersion: 5.1.0, udid: 169.254.236.101:5555}, deviceManufacturer: unknown, deviceModel: Google Nexus 5 - 5.1.0 - AP..., deviceName: 169.254.236.101:5555, deviceScreenSize: 1080x1920, deviceUDID: 169.254.236.101:5555, javascriptEnabled: true, locationContextEnabled: false, networkConnectionEnabled: true, noReset: true, platform: LINUX, platformName: Android, platformVersion: 5.1, takesScreenshot: true, udid: 169.254.236.101:5555, warnings: {}, webStorageEnabled: false}Session ID: c4062ffc-0620-4ecd-9c1d-13b52cda4d7c*** Element info: {Using=id, value=com.bt.bms:id/no_bt}at sun.reflect.NativeConstructorAccessorImpl.newInstance0(Native Method)at sun.reflect.NativeConstructorAccessorImpl.newInstance(NativeConstructorAccessorImpl.java:62)at sun.reflect.DelegatingConstructorAccessorImpl.newInstance(DelegatingConstructorAccessorImpl.java:45)at java.lang.reflect.Constructor.newInstance(Constructor.java:408)at org.openqa.selenium.remote.http.W3CHttpResponseCodec.createException(W3CHttpResponseCodec.java:187)at org.openqa.selenium.remote.http.W3CHttpResponseCodec.decode(W3CHttpResponseCodec.java:122)at org.openqa.selenium.remote.http.W3CHttpResponseCodec.decode(W3CHttpResponseCodec.java:49)at org.openqa.selenium.remote.HttpCommandExecutor.execute(HttpCommandExecutor.java:158)at io.appium.java_client.remote.AppiumCommandExecutor.execute(AppiumCommandExecutor.java:231)at org.openqa.selenium.remote.RemoteWebDriver.execute(RemoteWebDriver.java:548)at io.appium.java_client.DefaultGenericMobileDriver.execute(DefaultGenericMobileDriver.java:42)at io.appium.java_client.AppiumDriver.execute(AppiumDriver.java:1)at io.appium.java_client.android.AndroidDriver.execute(AndroidDriver.java:1)at org.openqa.selenium.remote.RemoteWebDriver.findElement(RemoteWebDriver.java:322)at io.appium.java_client.DefaultGenericMobileDriver.findElement(DefaultGenericMobileDriver.java:62)at io.appium.java_client.AppiumDriver.findElement(AppiumDriver.java:1)at io.appium.java_client.android.AndroidDriver.findElement(AndroidDriver.java:1)at org.openqa.selenium.remote.RemoteWebDriver.findElementById(RemoteWebDriver.java:368)at io.appium.java_client.DefaultGenericMobileDriver.findElementById(DefaultGenericMobileDriver.java:70)at io.appium.java_client.AppiumDriver.findElementById(AppiumDriver.java:1)at io.appium.java_client.android.AndroidDriver.findElementById(AndroidDriver.java:1)at BookMyshow.selectRelegion.selecrt(selectRelegion.java:36)at sun.reflect.NativeMethodAccessorImpl.invoke0(Native Method)at sun.reflect.NativeMethodAccessorImpl.invoke(NativeMethodAccessorImpl.java:62)at sun.reflect.DelegatingMethodAccessorImpl.invoke(DelegatingMethodAccessorImpl.java:43)at java.lang.reflect.Method.invoke(Method.java:483)at org.testng.internal.MethodInvocationHelper.invokeMethod(MethodInvocationHelper.java:124)at org.testng.internal.Invoker.invokeMethod(Invoker.java:571)at org.testng.internal.Invoker.invokeTestMethod(Invoker.java:707)at org.testng.internal.Invoker.invokeTestMethods(Invoker.java:979)at org.testng.internal.TestMethodWorker.invokeTestMethods(TestMethodWorker.java:125)at org.testng.internal.TestMethodWorker.run(TestMethodWorker.java:109)at org.testng.TestRunner.privateRun(TestRunner.java:648)at org.testng.TestRunner.run(TestRunner.java:505)at org.testng.SuiteRunner.runTest(SuiteRunner.java:455)at org.testng.SuiteRunner.runSequentially(SuiteRunner.java:450)at org.testng.SuiteRunner.privateRun(SuiteRunner.java:415)at org.testng.SuiteRunner.run(SuiteRunner.java:364)at org.testng.SuiteRunnerWorker.runSuite(SuiteRunnerWorker.java:52)at org.testng.SuiteRunnerWorker.run(SuiteRunnerWorker.java:84)at org.testng.TestNG.runSuitesSequentially(TestNG.java:1187)at org.testng.TestNG.runSuitesLocally(TestNG.java:1116)at org.testng.TestNG.runSuites(TestNG.java:1028)at org.testng.TestNG.run(TestNG.java:996)at org.testng.remote.AbstractRemoteTestNG.run(AbstractRemoteTestNG.java:114)at org.testng.remote.RemoteTestNG.initAndRun(RemoteTestNG.java:251)at org.testng.remote.RemoteTestNG.main(RemoteTestNG.java:77)]]>
    </error>
  </testcase> <!-- selecrt -->
</testsuite> <!-- BookMyshow.selectRelegion -->
