<?xml version="1.0" encoding="UTF-8"?>
<!-- Generated by org.testng.reporters.JUnitReportReporter -->
<testsuite skipped="0" hostname="DESKTOP-SHS08M3" name="Contacts.ScrollToContact" tests="1" failures="0" timestamp="06 Aug 2018 15:53:15 GMT" time="44.709" errors="0">
  <testcase name="scrollandDelete" time="44.709" classname="Contacts.ScrollToContact"/>
</testsuite> <!-- Contacts.ScrollToContact -->
