<?xml version="1.0" encoding="UTF-8"?>
<!-- Generated by org.testng.reporters.JUnitReportReporter -->
<testsuite skipped="0" hostname="DESKTOP-SHS08M3" name="Contacts.Addcontact" tests="1" failures="0" timestamp="30 Jul 2018 14:01:24 GMT" time="35.150" errors="0">
  <testcase name="addContact" time="35.150" classname="Contacts.Addcontact"/>
</testsuite> <!-- Contacts.Addcontact -->
